<?xml version="1.0" encoding="UTF-8"?>
<!-- Generated by org.testng.reporters.JUnitReportReporter -->
<testsuite hostname="LAPTOP-6SC09550" failures="0" tests="1" name="com.orange.HybridProject1.SeleniumGridDemo" time="31.179" errors="0" timestamp="2021-09-29T10:54:19 CEST" skipped="0">
  <testcase classname="com.orange.HybridProject1.SeleniumGridDemo" name="demoSelGrid" time="31.179"/>
  <system-out/>
</testsuite> <!-- com.orange.HybridProject1.SeleniumGridDemo -->
