<?xml version="1.0" encoding="UTF-8"?>
<!-- Generated by org.testng.reporters.JUnitReportReporter -->
<testsuite hostname="LAPTOP-6SC09550" failures="0" tests="1" name="com.orange.HybridProject1.HeadLessTest" time="9.213" errors="0" timestamp="2021-09-28T19:30:17 CEST" skipped="0">
  <testcase classname="com.orange.HybridProject1.HeadLessTest" name="headLess" time="9.213"/>
  <system-out/>
</testsuite> <!-- com.orange.HybridProject1.HeadLessTest -->
